<?xml version="1.0" encoding="UTF-8"?>
<!-- Generated by org.testng.reporters.JUnitReportReporter -->
<testsuite skipped="0" hostname="DESKTOP-H2BO24O" name="com.w2a.testcases.BankManagerLoginTest" tests="1" failures="0" timestamp="02 Oct 2022 21:57:19 GMT" time="3.576" errors="0">
  <testcase name="loginasBankManager" time="3.576" classname="com.w2a.testcases.BankManagerLoginTest"/>
</testsuite> <!-- com.w2a.testcases.BankManagerLoginTest -->
