<?xml version="1.0" encoding="UTF-8"?>
<!-- Generated by org.testng.reporters.JUnitReportReporter -->
<testsuite skipped="0" hostname="DESKTOP-H2BO24O" name="com.w2a.testcases.LoginTest" tests="1" failures="0" timestamp="01 Oct 2022 23:38:14 GMT" time="3.572" errors="0">
  <testcase name="loginasBankManager" time="3.572" classname="com.w2a.testcases.LoginTest"/>
</testsuite> <!-- com.w2a.testcases.LoginTest -->
