<?xml version="1.0" encoding="UTF-8"?>
<!-- Generated by org.testng.reporters.JUnitReportReporter -->
<testsuite skipped="0" hostname="DESKTOP-H2BO24O" name="com.w2a.testcases.OpenAccountTest" tests="1" failures="0" timestamp="03 Oct 2022 04:13:56 GMT" time="12.226" errors="0">
  <testcase name="openAccountTest" time="12.226" classname="com.w2a.testcases.OpenAccountTest"/>
</testsuite> <!-- com.w2a.testcases.OpenAccountTest -->
