<?xml version="1.0" encoding="UTF-8"?>
<!-- Generated by org.testng.reporters.JUnitReportReporter -->
<testsuite skipped="1" hostname="DESKTOP-H2BO24O" name="com.w2a.testcases.AddCustomerTest" tests="4" failures="0" timestamp="03 Oct 2022 04:13:56 GMT" time="10.657" errors="0">
  <testcase name="addCustomerTest" time="3.554" classname="com.w2a.testcases.AddCustomerTest"/>
  <testcase name="addCustomerTest" time="0.001" classname="com.w2a.testcases.AddCustomerTest">
    <skipped/>
  </testcase> <!-- addCustomerTest -->
  <testcase name="addCustomerTest" time="3.361" classname="com.w2a.testcases.AddCustomerTest"/>
  <testcase name="addCustomerTest" time="3.741" classname="com.w2a.testcases.AddCustomerTest"/>
</testsuite> <!-- com.w2a.testcases.AddCustomerTest -->
